file /home/pmuller/GRIFFON_GTK3/griffon-1.6.4/SConstruct,line 35:
	Configure(confdir = .sconf_temp)
scons: Configure: Checking for pkg-config... 
pkg-config --atleast-pkgconfig-version ""
scons: Configure: yes

scons: Configure: Checking for libxml-2.0... 
pkg-config --exists "libxml-2.0"
scons: Configure: yes

scons: Configure: Checking for gtk+-3.0... 
pkg-config --exists "gtk+-3.0"
scons: Configure: yes

scons: Configure: Checking for vte-2.90... 
pkg-config --exists "vte-2.90"
scons: Configure: yes

scons: Configure: Checking for webkitgtk-3.0... 
pkg-config --exists "webkitgtk-3.0"
scons: Configure: yes

scons: Configure: Checking for gtksourceview-3.0... 
pkg-config --exists "gtksourceview-3.0"
scons: Configure: yes

scons: Configure: Checking for libnotify... 
pkg-config --exists "libnotify"
scons: Configure: yes


